<?xml version="1.0" encoding="utf-8"?><testsuites name="pytest tests"><testsuite name="pytest" errors="0" failures="0" skipped="0" tests="5" time="1.762" timestamp="2026-03-20T13:29:53.121810+00:00" hostname="agent-env-c085d25a-612c-4f4a-a302-0405e61f7f88"><testcase classname="backend.tests.test_box_package_persistence.TestBoxPackagePersistence" name="test_create_invoice_with_box_package_fields" time="1.333" /><testcase classname="backend.tests.test_box_package_persistence.TestBoxPackagePersistence" name="test_update_invoice_preserves_box_package" time="0.365" /><testcase classname="backend.tests.test_box_package_persistence.TestPrintTemplateStructure" name="test_print_template_no_unit_column" time="0.000" /><testcase classname="backend.tests.test_box_package_persistence.TestPrintTemplateStructure" name="test_print_template_has_8_columns" time="0.000" /><testcase classname="backend.tests.test_box_package_persistence.TestPrintTemplateStructure" name="test_empty_rows_have_8_td_elements" time="0.000" /></testsuite></testsuites>