<?xml version="1.0" encoding="utf-8"?><testsuites name="pytest tests"><testsuite name="pytest" errors="0" failures="0" skipped="0" tests="7" time="1.442" timestamp="2026-04-22T09:16:31.032660+00:00" hostname="agent-env-c085d25a-612c-4f4a-a302-0405e61f7f88"><testcase classname="backend.tests.test_default_accounts.TestGetDefaultAccounts" name="test_get_returns_structure" time="0.656" /><testcase classname="backend.tests.test_default_accounts.TestGetDefaultAccounts" name="test_get_requires_auth" time="0.149" /><testcase classname="backend.tests.test_default_accounts.TestSaveDefaultAccounts" name="test_save_and_persist_all_keys" time="0.197" /><testcase classname="backend.tests.test_default_accounts.TestSaveDefaultAccounts" name="test_save_rejects_missing_org_id" time="0.063" /><testcase classname="backend.tests.test_default_accounts.TestSaveDefaultAccounts" name="test_save_filters_invalid_keys" time="0.067" /><testcase classname="backend.tests.test_default_accounts.TestSaveDefaultAccounts" name="test_save_requires_auth" time="0.114" /><testcase classname="backend.tests.test_default_accounts.TestSaveDefaultAccounts" name="test_cleanup_and_persist_empty" time="0.122" /></testsuite></testsuites>