<?xml version="1.0" encoding="utf-8"?><testsuites name="pytest tests"><testsuite name="pytest" errors="0" failures="0" skipped="3" tests="12" time="4.003" timestamp="2026-04-07T07:05:29.294609+00:00" hostname="agent-env-c085d25a-612c-4f4a-a302-0405e61f7f88"><testcase classname="backend.tests.test_import_org.TestImportOrgFeature" name="test_get_tables_returns_19_tables" time="0.462" /><testcase classname="backend.tests.test_import_org.TestImportOrgFeature" name="test_get_tables_date_based_tables" time="0.461" /><testcase classname="backend.tests.test_import_org.TestImportOrgFeature" name="test_preview_returns_counts" time="0.424" /><testcase classname="backend.tests.test_import_org.TestImportOrgFeature" name="test_preview_invalid_source_org" time="0.433" /><testcase classname="backend.tests.test_import_org.TestImportOrgFeature" name="test_execute_same_org_fails" time="0.418" /><testcase classname="backend.tests.test_import_org.TestImportOrgFeature" name="test_execute_invalid_source_org" time="0.435" /><testcase classname="backend.tests.test_import_org.TestImportOrgFeature" name="test_execute_returns_results_structure" time="0.424" /><testcase classname="backend.tests.test_import_org.TestImportOrgFeature" name="test_tables_endpoint_requires_auth" time="0.464" /><testcase classname="backend.tests.test_import_org.TestImportOrgFeature" name="test_preview_with_date_filter" time="0.416" /><testcase classname="backend.tests.test_import_org.TestImportOrgAccessControl" name="test_tables_endpoint_requires_super_admin" time="0.000"><skipped type="pytest.skip" message="No non-super-admin users available for testing">/app/backend/tests/test_import_org.py:247: No non-super-admin users available for testing</skipped></testcase><testcase classname="backend.tests.test_import_org.TestImportOrgAccessControl" name="test_preview_endpoint_requires_super_admin" time="0.000"><skipped type="pytest.skip" message="No non-super-admin users available for testing">/app/backend/tests/test_import_org.py:251: No non-super-admin users available for testing</skipped></testcase><testcase classname="backend.tests.test_import_org.TestImportOrgAccessControl" name="test_execute_endpoint_requires_super_admin" time="0.000"><skipped type="pytest.skip" message="No non-super-admin users available for testing">/app/backend/tests/test_import_org.py:255: No non-super-admin users available for testing</skipped></testcase></testsuite></testsuites>