<?xml version="1.0" encoding="utf-8"?><testsuites name="pytest tests"><testsuite name="pytest" errors="0" failures="0" skipped="0" tests="11" time="2.186" timestamp="2026-03-17T05:19:57.436791+00:00" hostname="agent-env-652255bc-b263-4f9f-afac-a4dddcd2c8b2"><testcase classname="backend.tests.test_iteration16_fixes.TestFYFilteredBalances" name="test_customer_accounts_without_fy" time="0.704" /><testcase classname="backend.tests.test_iteration16_fixes.TestFYFilteredBalances" name="test_customer_accounts_with_fy_id" time="0.190" /><testcase classname="backend.tests.test_iteration16_fixes.TestFYFilteredBalances" name="test_supplier_accounts_without_fy" time="0.107" /><testcase classname="backend.tests.test_iteration16_fixes.TestFYFilteredBalances" name="test_supplier_accounts_with_fy_id" time="0.169" /><testcase classname="backend.tests.test_iteration16_fixes.TestFYFilteredBalances" name="test_movable_accounts_without_fy" time="0.179" /><testcase classname="backend.tests.test_iteration16_fixes.TestFYFilteredBalances" name="test_movable_accounts_with_fy_id" time="0.167" /><testcase classname="backend.tests.test_iteration16_fixes.TestSalesInvoiceEndpoints" name="test_get_sales_invoices" time="0.104" /><testcase classname="backend.tests.test_iteration16_fixes.TestSalesInvoiceEndpoints" name="test_get_sales_accounts" time="0.109" /><testcase classname="backend.tests.test_iteration16_fixes.TestInventoryEndpoints" name="test_get_inventory_items" time="0.118" /><testcase classname="backend.tests.test_iteration16_fixes.TestInventoryEndpoints" name="test_get_inventory_categories" time="0.112" /><testcase classname="backend.tests.test_iteration16_fixes.TestInventoryEndpoints" name="test_get_inventory_suppliers" time="0.164" /></testsuite></testsuites>