<?xml version="1.0" encoding="utf-8"?><testsuites name="pytest tests"><testsuite name="pytest" errors="0" failures="0" skipped="0" tests="6" time="1.655" timestamp="2026-03-19T14:07:33.965021+00:00" hostname="agent-env-92794aab-8ba9-4be2-a324-8dde7f3f2019"><testcase classname="backend.tests.test_journal_api.TestJournalAPI" name="test_login_success" time="0.412" /><testcase classname="backend.tests.test_journal_api.TestJournalAPI" name="test_journal_endpoint_exists" time="0.240" /><testcase classname="backend.tests.test_journal_api.TestJournalAPI" name="test_journal_with_date_filter" time="0.164" /><testcase classname="backend.tests.test_journal_api.TestJournalAPI" name="test_journal_without_auth_fails" time="0.136" /><testcase classname="backend.tests.test_journal_api.TestJournalAPI" name="test_journal_voucher_structure" time="0.100" /><testcase classname="backend.tests.test_journal_api.TestTrialBalanceAPI" name="test_trial_balance_endpoint" time="0.554" /></testsuite></testsuites>