<?xml version="1.0" encoding="utf-8"?><testsuites name="pytest tests"><testsuite name="pytest" errors="0" failures="0" skipped="0" tests="10" time="1.654" timestamp="2026-03-15T09:10:04.049481+00:00" hostname="agent-env-652255bc-b263-4f9f-afac-a4dddcd2c8b2"><testcase classname="tests.test_nextcode_crdb.TestNextCodeEndpoint" name="test_next_code_customer_prefix_4111" time="0.617" /><testcase classname="tests.test_nextcode_crdb.TestNextCodeEndpoint" name="test_next_code_supplier_prefix_4011" time="0.054" /><testcase classname="tests.test_nextcode_crdb.TestNextCodeEndpoint" name="test_next_code_requires_auth" time="0.116" /><testcase classname="tests.test_nextcode_crdb.TestNextCodeEndpoint" name="test_next_code_increments_correctly" time="0.113" /><testcase classname="tests.test_nextcode_crdb.TestCrDbNotesEndpoint" name="test_create_crdb_note_with_exchange_rate" time="0.206" /><testcase classname="tests.test_nextcode_crdb.TestCrDbNotesEndpoint" name="test_get_crdb_notes_includes_exchange_rate" time="0.054" /><testcase classname="tests.test_nextcode_crdb.TestCrDbNotesEndpoint" name="test_update_crdb_note_with_exchange_rate" time="0.106" /><testcase classname="tests.test_nextcode_crdb.TestCrDbNotesCRUD" name="test_crdb_note_count_endpoint" time="0.054" /><testcase classname="tests.test_nextcode_crdb.TestCrDbNotesCRUD" name="test_crdb_notes_filter_by_type" time="0.157" /><testcase classname="tests.test_nextcode_crdb.TestCrDbNotesCRUD" name="test_crdb_notes_filter_by_status" time="0.112" /></testsuite></testsuites>