<?xml version="1.0" encoding="utf-8"?><testsuites name="pytest tests"><testsuite name="pytest" errors="0" failures="0" skipped="0" tests="12" time="5.632" timestamp="2026-03-16T20:13:32.131075+00:00" hostname="agent-env-652255bc-b263-4f9f-afac-a4dddcd2c8b2"><testcase classname="backend.tests.test_offline_removal.TestAPIHealth" name="test_api_root_accessible" time="0.160" /><testcase classname="backend.tests.test_offline_removal.TestAPIHealth" name="test_organizations_requires_auth" time="0.148" /><testcase classname="backend.tests.test_offline_removal.TestAuthentication" name="test_login_success" time="0.557" /><testcase classname="backend.tests.test_offline_removal.TestCoreAPIs" name="test_accounts_endpoint" time="0.451" /><testcase classname="backend.tests.test_offline_removal.TestCoreAPIs" name="test_customers_endpoint" time="0.505" /><testcase classname="backend.tests.test_offline_removal.TestCoreAPIs" name="test_suppliers_endpoint" time="0.576" /><testcase classname="backend.tests.test_offline_removal.TestCoreAPIs" name="test_vouchers_endpoint" time="0.519" /><testcase classname="backend.tests.test_offline_removal.TestCoreAPIs" name="test_crdb_notes_endpoint" time="0.502" /><testcase classname="backend.tests.test_offline_removal.TestCoreAPIs" name="test_inventory_endpoint" time="0.568" /><testcase classname="backend.tests.test_offline_removal.TestCoreAPIs" name="test_pos_inventory_endpoint" time="0.582" /><testcase classname="backend.tests.test_offline_removal.TestAutoCodeGeneration" name="test_customer_next_code_generation" time="0.515" /><testcase classname="backend.tests.test_offline_removal.TestAutoCodeGeneration" name="test_supplier_next_code_generation" time="0.477" /></testsuite></testsuites>