<?xml version="1.0" encoding="utf-8"?><testsuites name="pytest tests"><testsuite name="pytest" errors="0" failures="0" skipped="0" tests="11" time="5.226" timestamp="2026-03-14T17:46:21.523345+00:00" hostname="agent-env-f13e7869-1d1d-47d9-81eb-146a2bcb11c0"><testcase classname="backend.tests.test_pos_void.TestPOSVoidEndpoint" name="test_void_transaction_success" time="0.699" /><testcase classname="backend.tests.test_pos_void.TestPOSVoidEndpoint" name="test_void_already_voided_returns_400" time="0.374" /><testcase classname="backend.tests.test_pos_void.TestPOSVoidEndpoint" name="test_void_nonexistent_transaction_returns_404" time="0.101" /><testcase classname="backend.tests.test_pos_void.TestPOSVoidEndpoint" name="test_void_without_auth_returns_401" time="0.106" /><testcase classname="backend.tests.test_pos_void.TestPOSVoidEndpoint" name="test_void_default_reason" time="0.348" /><testcase classname="backend.tests.test_pos_void.TestPOSDeleteEndpoint" name="test_delete_transaction_success" time="0.369" /><testcase classname="backend.tests.test_pos_void.TestPOSDeleteEndpoint" name="test_delete_voided_transaction" time="0.398" /><testcase classname="backend.tests.test_pos_void.TestPOSDeleteEndpoint" name="test_delete_nonexistent_returns_404" time="0.122" /><testcase classname="backend.tests.test_pos_void.TestVoidedTransactionRetrieval" name="test_get_transactions_includes_voided_field" time="0.606" /><testcase classname="backend.tests.test_pos_void.TestVoidedTransactionRetrieval" name="test_get_single_voided_transaction" time="0.376" /><testcase classname="backend.tests.test_pos_void.TestVoidAccountReversals" name="test_void_reverses_cash_account_balance" time="1.674" /></testsuite></testsuites>