<?xml version="1.0" encoding="utf-8"?><testsuites name="pytest tests"><testsuite name="pytest" errors="0" failures="0" skipped="0" tests="15" time="2.223" timestamp="2026-03-14T10:58:37.473786+00:00" hostname="agent-env-b2f9aefb-6c0b-4b5e-b67e-e8bb850d338e"><testcase classname="tests.test_pos_module.TestPOSInventory" name="test_pos_inventory_returns_list" time="0.543" /><testcase classname="tests.test_pos_module.TestPOSCashAccounts" name="test_cash_accounts_returns_list" time="0.053" /><testcase classname="tests.test_pos_module.TestPOSDailySummary" name="test_daily_summary_returns_data" time="0.053" /><testcase classname="tests.test_pos_module.TestPOSTransactions" name="test_get_transactions" time="0.050" /><testcase classname="tests.test_pos_module.TestPOSTransactions" name="test_get_transactions_count" time="0.049" /><testcase classname="tests.test_pos_module.TestCashierManagement" name="test_get_cashiers_list" time="0.050" /><testcase classname="tests.test_pos_module.TestCashierManagement" name="test_create_cashier" time="0.560" /><testcase classname="tests.test_pos_module.TestCashierSessions" name="test_get_sessions_list" time="0.051" /><testcase classname="tests.test_pos_module.TestCashierSessions" name="test_get_live_sessions" time="0.051" /><testcase classname="tests.test_pos_module.TestCashierSessions" name="test_get_session_summary" time="0.049" /><testcase classname="tests.test_pos_module.TestSupportingEndpoints" name="test_customer_accounts" time="0.062" /><testcase classname="tests.test_pos_module.TestSupportingEndpoints" name="test_sales_accounts" time="0.068" /><testcase classname="tests.test_pos_module.TestSupportingEndpoints" name="test_organizations_public" time="0.095" /><testcase classname="tests.test_pos_module.TestCashierLogin" name="test_cashier_login_endpoint_exists" time="0.116" /><testcase classname="tests.test_pos_module.TestCashierLogin" name="test_admin_can_login_as_cashier" time="0.325" /></testsuite></testsuites>