<?xml version="1.0" encoding="utf-8"?><testsuites name="pytest tests"><testsuite name="pytest" errors="0" failures="0" skipped="0" tests="6" time="1.235" timestamp="2026-03-14T12:12:08.199543+00:00" hostname="agent-env-f13e7869-1d1d-47d9-81eb-146a2bcb11c0"><testcase classname="backend.tests.test_pos_closing_report.TestDailyClosingReportAPI" name="test_daily_closing_report_returns_200" time="0.547" /><testcase classname="backend.tests.test_pos_closing_report.TestDailyClosingReportAPI" name="test_daily_closing_report_structure" time="0.112" /><testcase classname="backend.tests.test_pos_closing_report.TestDailyClosingReportAPI" name="test_daily_closing_report_different_dates" time="0.222" /><testcase classname="backend.tests.test_pos_closing_report.TestDailyClosingReportAPI" name="test_daily_closing_report_requires_auth" time="0.102" /><testcase classname="backend.tests.test_pos_closing_report.TestDailyClosingReportAPI" name="test_daily_closing_report_grand_totals_types" time="0.103" /><testcase classname="backend.tests.test_pos_closing_report.TestDailyClosingReportAPI" name="test_daily_closing_report_empty_data" time="0.104" /></testsuite></testsuites>