<?xml version="1.0" encoding="utf-8"?><testsuites name="pytest tests"><testsuite name="pytest" errors="0" failures="0" skipped="0" tests="11" time="1.930" timestamp="2026-03-14T12:43:03.591840+00:00" hostname="agent-env-f13e7869-1d1d-47d9-81eb-146a2bcb11c0"><testcase classname="tests.test_pos_vat_discount.TestPOSTransactionBasic" name="test_pos_transaction_cash_payment" time="0.612" /><testcase classname="tests.test_pos_vat_discount.TestPOSTransactionBasic" name="test_pos_transaction_customer_payment" time="0.072" /><testcase classname="tests.test_pos_vat_discount.TestPOSVATHandling" name="test_pos_transaction_with_vat" time="0.148" /><testcase classname="tests.test_pos_vat_discount.TestPOSDiscountHandling" name="test_pos_transaction_with_invoice_discount" time="0.152" /><testcase classname="tests.test_pos_vat_discount.TestPOSDiscountHandling" name="test_pos_transaction_with_payment_adjustment" time="0.144" /><testcase classname="tests.test_pos_vat_discount.TestPOSVoucherBalance" name="test_voucher_balanced_simple" time="0.140" /><testcase classname="tests.test_pos_vat_discount.TestPOSVoucherBalance" name="test_voucher_balanced_with_vat_and_discount" time="0.140" /><testcase classname="tests.test_pos_vat_discount.TestPOSEndpointAvailability" name="test_pos_inventory_endpoint" time="0.158" /><testcase classname="tests.test_pos_vat_discount.TestPOSEndpointAvailability" name="test_pos_cash_accounts_endpoint" time="0.075" /><testcase classname="tests.test_pos_vat_discount.TestPOSEndpointAvailability" name="test_pos_daily_summary_endpoint" time="0.065" /><testcase classname="tests.test_pos_vat_discount.TestPOSEndpointAvailability" name="test_pos_transactions_list_endpoint" time="0.156" /></testsuite></testsuites>