<?xml version="1.0" encoding="utf-8"?><testsuites name="pytest tests"><testsuite name="pytest" errors="0" failures="0" skipped="0" tests="18" time="2.609" timestamp="2026-03-14T12:32:21.318087+00:00" hostname="agent-env-f13e7869-1d1d-47d9-81eb-146a2bcb11c0"><testcase classname="backend.tests.test_pos_analytics.TestSalesTrendsEndpoint" name="test_sales_trends_returns_200" time="0.528" /><testcase classname="backend.tests.test_pos_analytics.TestSalesTrendsEndpoint" name="test_sales_trends_response_structure" time="0.107" /><testcase classname="backend.tests.test_pos_analytics.TestSalesTrendsEndpoint" name="test_sales_trends_period_daily" time="0.122" /><testcase classname="backend.tests.test_pos_analytics.TestSalesTrendsEndpoint" name="test_sales_trends_period_weekly" time="0.104" /><testcase classname="backend.tests.test_pos_analytics.TestSalesTrendsEndpoint" name="test_sales_trends_period_monthly" time="0.131" /><testcase classname="backend.tests.test_pos_analytics.TestSalesTrendsEndpoint" name="test_sales_trends_date_range" time="0.106" /><testcase classname="backend.tests.test_pos_analytics.TestSalesTrendsEndpoint" name="test_sales_trends_requires_auth" time="0.108" /><testcase classname="backend.tests.test_pos_analytics.TestTopItemsEndpoint" name="test_top_items_returns_200" time="0.113" /><testcase classname="backend.tests.test_pos_analytics.TestTopItemsEndpoint" name="test_top_items_response_structure" time="0.169" /><testcase classname="backend.tests.test_pos_analytics.TestTopItemsEndpoint" name="test_top_items_limit_param" time="0.097" /><testcase classname="backend.tests.test_pos_analytics.TestTopItemsEndpoint" name="test_top_items_requires_auth" time="0.117" /><testcase classname="backend.tests.test_pos_analytics.TestCashierPerformanceEndpoint" name="test_cashier_performance_returns_200" time="0.108" /><testcase classname="backend.tests.test_pos_analytics.TestCashierPerformanceEndpoint" name="test_cashier_performance_response_structure" time="0.110" /><testcase classname="backend.tests.test_pos_analytics.TestCashierPerformanceEndpoint" name="test_cashier_performance_date_range" time="0.100" /><testcase classname="backend.tests.test_pos_analytics.TestCashierPerformanceEndpoint" name="test_cashier_performance_requires_auth" time="0.103" /><testcase classname="backend.tests.test_pos_analytics.TestEmptyDataHandling" name="test_sales_trends_empty_data" time="0.108" /><testcase classname="backend.tests.test_pos_analytics.TestEmptyDataHandling" name="test_top_items_empty_data" time="0.104" /><testcase classname="backend.tests.test_pos_analytics.TestEmptyDataHandling" name="test_cashier_performance_empty_data" time="0.207" /></testsuite></testsuites>