<?xml version="1.0" encoding="utf-8"?><testsuites name="pytest tests"><testsuite name="pytest" errors="0" failures="0" skipped="0" tests="15" time="4.170" timestamp="2026-03-14T13:11:15.634674+00:00" hostname="agent-env-f13e7869-1d1d-47d9-81eb-146a2bcb11c0"><testcase classname="backend.tests.test_purchase_orders.TestPurchaseOrdersCRUD" name="test_list_purchase_orders" time="0.627" /><testcase classname="backend.tests.test_purchase_orders.TestPurchaseOrdersCRUD" name="test_create_purchase_order" time="0.229" /><testcase classname="backend.tests.test_purchase_orders.TestPurchaseOrdersCRUD" name="test_list_with_filters" time="0.393" /><testcase classname="backend.tests.test_purchase_orders.TestPurchaseOrdersCRUD" name="test_update_draft_order" time="0.282" /><testcase classname="backend.tests.test_purchase_orders.TestPurchaseOrdersWorkflow" name="test_create_for_workflow" time="0.106" /><testcase classname="backend.tests.test_purchase_orders.TestPurchaseOrdersWorkflow" name="test_approve_order" time="0.136" /><testcase classname="backend.tests.test_purchase_orders.TestPurchaseOrdersWorkflow" name="test_send_order" time="0.119" /><testcase classname="backend.tests.test_purchase_orders.TestPurchaseOrdersWorkflow" name="test_receive_order" time="0.109" /><testcase classname="backend.tests.test_purchase_orders.TestPurchaseOrdersWorkflow" name="test_revert_to_draft" time="0.433" /><testcase classname="backend.tests.test_purchase_orders.TestPurchaseOrderPostAsInvoice" name="test_create_and_post_order" time="0.332" /><testcase classname="backend.tests.test_purchase_orders.TestPurchaseOrderPostAsInvoice" name="test_cannot_edit_posted_order" time="0.103" /><testcase classname="backend.tests.test_purchase_orders.TestPurchaseOrderPostAsInvoice" name="test_cannot_delete_posted_order" time="0.103" /><testcase classname="backend.tests.test_purchase_orders.TestLowStockSuggestions" name="test_get_low_stock_suggestions" time="0.121" /><testcase classname="backend.tests.test_purchase_orders.TestDeletePurchaseOrder" name="test_delete_draft_order" time="0.350" /><testcase classname="backend.tests.test_purchase_orders.TestInvalidTransitions" name="test_invalid_action" time="0.650" /></testsuite></testsuites>