<?xml version="1.0" encoding="utf-8"?><testsuites name="pytest tests"><testsuite name="pytest" errors="0" failures="0" skipped="0" tests="8" time="3.159" timestamp="2026-04-22T09:46:44.476182+00:00" hostname="agent-env-c085d25a-612c-4f4a-a302-0405e61f7f88"><testcase classname="backend.tests.test_purchase_expenses" name="test_list_purchase_expenses_initial" time="0.500" /><testcase classname="backend.tests.test_purchase_expenses" name="test_create_unbalanced_rejected" time="0.282" /><testcase classname="backend.tests.test_purchase_expenses" name="test_create_persisted_via_get" time="0.240" /><testcase classname="backend.tests.test_purchase_expenses" name="test_list_after_create" time="0.187" /><testcase classname="backend.tests.test_purchase_expenses" name="test_update_draft_expense" time="0.237" /><testcase classname="backend.tests.test_purchase_expenses" name="test_distribution_preview" time="0.257" /><testcase classname="backend.tests.test_purchase_expenses" name="test_post_and_unpost_flow" time="0.798" /><testcase classname="backend.tests.test_purchase_expenses" name="test_delete_draft_expense" time="0.595" /></testsuite></testsuites>