<?xml version="1.0" encoding="utf-8"?><testsuites name="pytest tests"><testsuite name="pytest" errors="0" failures="0" skipped="0" tests="17" time="3.294" timestamp="2026-03-14T10:47:56.459998+00:00" hostname="agent-env-b2f9aefb-6c0b-4b5e-b67e-e8bb850d338e"><testcase classname="backend.tests.test_invoices_returns.TestSalesInvoices" name="test_get_sales_invoices_list" time="0.482" /><testcase classname="backend.tests.test_invoices_returns.TestSalesInvoices" name="test_get_sales_invoices_count" time="0.107" /><testcase classname="backend.tests.test_invoices_returns.TestSalesInvoices" name="test_get_customer_accounts" time="0.110" /><testcase classname="backend.tests.test_invoices_returns.TestSalesInvoices" name="test_get_sales_accounts" time="0.100" /><testcase classname="backend.tests.test_invoices_returns.TestSalesInvoices" name="test_get_inventory_items" time="0.188" /><testcase classname="backend.tests.test_invoices_returns.TestPurchaseInvoices" name="test_get_purchase_invoices_list" time="0.107" /><testcase classname="backend.tests.test_invoices_returns.TestPurchaseInvoices" name="test_get_purchase_invoices_count" time="0.095" /><testcase classname="backend.tests.test_invoices_returns.TestPurchaseInvoices" name="test_get_supplier_accounts" time="0.109" /><testcase classname="backend.tests.test_invoices_returns.TestPurchaseInvoices" name="test_get_purchase_accounts" time="0.107" /><testcase classname="backend.tests.test_invoices_returns.TestSalesReturns" name="test_get_sales_returns_list" time="0.104" /><testcase classname="backend.tests.test_invoices_returns.TestSalesReturns" name="test_get_sales_returns_count" time="0.138" /><testcase classname="backend.tests.test_invoices_returns.TestPurchaseReturns" name="test_get_purchase_returns_list" time="0.118" /><testcase classname="backend.tests.test_invoices_returns.TestPurchaseReturns" name="test_get_purchase_returns_count" time="0.117" /><testcase classname="backend.tests.test_invoices_returns.TestExchangeRates" name="test_get_latest_exchange_rate" time="0.104" /><testcase classname="backend.tests.test_invoices_returns.TestDataValidation" name="test_sales_invoice_endpoints_all_working" time="0.436" /><testcase classname="backend.tests.test_invoices_returns.TestDataValidation" name="test_purchase_invoice_endpoints_all_working" time="0.413" /><testcase classname="backend.tests.test_invoices_returns.TestDataValidation" name="test_returns_endpoints_all_working" time="0.410" /></testsuite></testsuites>