<?xml version="1.0" encoding="utf-8"?><testsuites name="pytest tests"><testsuite name="pytest" errors="0" failures="0" skipped="0" tests="13" time="5.305" timestamp="2026-03-14T10:20:14.481614+00:00" hostname="agent-env-b2f9aefb-6c0b-4b5e-b67e-e8bb850d338e"><testcase classname="tests.test_kairos_features.TestAuthentication" name="test_login_success" time="0.390" /><testcase classname="tests.test_kairos_features.TestCustomerAccountCreation" name="test_create_customer_with_vat" time="1.173" /><testcase classname="tests.test_kairos_features.TestCustomerAccountCreation" name="test_customers_endpoint_includes_vat_number" time="0.101" /><testcase classname="tests.test_kairos_features.TestSupplierAccountCreation" name="test_create_supplier_with_vat" time="1.098" /><testcase classname="tests.test_kairos_features.TestSupplierAccountCreation" name="test_suppliers_endpoint_includes_vat_number" time="0.134" /><testcase classname="tests.test_kairos_features.TestPurchaseInvoice" name="test_purchase_invoices_list" time="0.429" /><testcase classname="tests.test_kairos_features.TestPurchaseInvoice" name="test_purchase_accounts_endpoint" time="0.107" /><testcase classname="tests.test_kairos_features.TestPurchaseInvoice" name="test_supplier_accounts_endpoint" time="0.127" /><testcase classname="tests.test_kairos_features.TestSalesInvoice" name="test_sales_invoices_list" time="0.414" /><testcase classname="tests.test_kairos_features.TestSalesInvoice" name="test_sales_accounts_endpoint" time="0.103" /><testcase classname="tests.test_kairos_features.TestSalesInvoice" name="test_customer_accounts_endpoint" time="0.124" /><testcase classname="tests.test_kairos_features.TestInventory" name="test_inventory_list" time="0.476" /><testcase classname="tests.test_kairos_features.TestContactInfoUpdate" name="test_update_account_contact_with_vat" time="0.516" /></testsuite></testsuites>