<?xml version="1.0" encoding="utf-8"?><testsuites name="pytest tests"><testsuite name="pytest" errors="0" failures="0" skipped="0" tests="7" time="2.194" timestamp="2026-03-14T12:53:46.722095+00:00" hostname="agent-env-f13e7869-1d1d-47d9-81eb-146a2bcb11c0"><testcase classname="backend.tests.test_receipt_settings.TestReceiptSettingsAPI" name="test_get_receipt_settings" time="0.634" /><testcase classname="backend.tests.test_receipt_settings.TestReceiptSettingsAPI" name="test_update_receipt_settings" time="0.274" /><testcase classname="backend.tests.test_receipt_settings.TestReceiptSettingsAPI" name="test_upload_logo" time="0.254" /><testcase classname="backend.tests.test_receipt_settings.TestReceiptSettingsAPI" name="test_delete_logo" time="0.213" /><testcase classname="backend.tests.test_receipt_settings.TestReceiptSettingsAPI" name="test_logo_upload_oversized_rejected" time="0.412" /><testcase classname="backend.tests.test_receipt_settings.TestReceiptSettingsAPI" name="test_non_image_upload_rejected" time="0.103" /><testcase classname="backend.tests.test_receipt_settings.TestReceiptSettingsAPI" name="test_update_settings_restores_logo_for_ui_test" time="0.250" /></testsuite></testsuites>